This is pdfTeX, Version 3.1415926-2.5-1.40.14 (MiKTeX 2.9 64-bit) (preloaded format=pdflatex 2015.3.10)  25 MAY 2015 18:20
entering extended mode
**IntroToR.tex

("C:\Users\Brian Williamson\Dropbox\R Project Summer 2014\Website\Intro to R\In
troToR.tex"
LaTeX2e <2011/06/27>
Babel <v3.8m> and hyphenation patterns for english, afrikaans, ancientgreek, ar
abic, armenian, assamese, basque, bengali, bokmal, bulgarian, catalan, coptic, 
croatian, czech, danish, dutch, esperanto, estonian, farsi, finnish, french, ga
lician, german, german-x-2013-05-26, greek, gujarati, hindi, hungarian, iceland
ic, indonesian, interlingua, irish, italian, kannada, kurmanji, latin, latvian,
 lithuanian, malayalam, marathi, mongolian, mongolianlmc, monogreek, ngerman, n
german-x-2013-05-26, nynorsk, oriya, panjabi, pinyin, polish, portuguese, roman
ian, russian, sanskrit, serbian, slovak, slovenian, spanish, swedish, swissgerm
an, tamil, telugu, turkish, turkmen, ukenglish, ukrainian, uppersorbian, usengl
ishmax, welsh, loaded.
("C:\Users\Brian Williamson\SkyDrive\MikTex\tex\latex\base\report.cls"
Document Class: report 2007/10/19 v1.4h Standard LaTeX document class
("C:\Users\Brian Williamson\SkyDrive\MikTex\tex\latex\base\fleqn.clo"
File: fleqn.clo 1998/08/17 v1.1c Standard LaTeX option (flush left equations)
\mathindent=\dimen102
)
("C:\Users\Brian Williamson\SkyDrive\MikTex\tex\latex\base\size11.clo"
File: size11.clo 2007/10/19 v1.4h Standard LaTeX file (size option)
)
\c@part=\count79
\c@chapter=\count80
\c@section=\count81
\c@subsection=\count82
\c@subsubsection=\count83
\c@paragraph=\count84
\c@subparagraph=\count85
\c@figure=\count86
\c@table=\count87
\abovecaptionskip=\skip41
\belowcaptionskip=\skip42
\bibindent=\dimen103
)
("C:\Users\Brian Williamson\SkyDrive\MikTex\tex\latex\amsmath\amsmath.sty"
Package: amsmath 2013/01/14 v2.14 AMS math features
\@mathmargin=\skip43

For additional information on amsmath, use the `?' option.
("C:\Users\Brian Williamson\SkyDrive\MikTex\tex\latex\amsmath\amstext.sty"
Package: amstext 2000/06/29 v2.01

("C:\Users\Brian Williamson\SkyDrive\MikTex\tex\latex\amsmath\amsgen.sty"
File: amsgen.sty 1999/11/30 v2.0
\@emptytoks=\toks14
\ex@=\dimen104
))
("C:\Users\Brian Williamson\SkyDrive\MikTex\tex\latex\amsmath\amsbsy.sty"
Package: amsbsy 1999/11/29 v1.2d
\pmbraise@=\dimen105
)
("C:\Users\Brian Williamson\SkyDrive\MikTex\tex\latex\amsmath\amsopn.sty"
Package: amsopn 1999/12/14 v2.01 operator names
)
\inf@bad=\count88
LaTeX Info: Redefining \frac on input line 210.
\uproot@=\count89
\leftroot@=\count90
LaTeX Info: Redefining \overline on input line 306.
\classnum@=\count91
\DOTSCASE@=\count92
LaTeX Info: Redefining \ldots on input line 378.
LaTeX Info: Redefining \dots on input line 381.
LaTeX Info: Redefining \cdots on input line 466.
\Mathstrutbox@=\box26
\strutbox@=\box27
\big@size=\dimen106
LaTeX Font Info:    Redeclaring font encoding OML on input line 566.
LaTeX Font Info:    Redeclaring font encoding OMS on input line 567.
\macc@depth=\count93
\c@MaxMatrixCols=\count94
\dotsspace@=\muskip10
\c@parentequation=\count95
\dspbrk@lvl=\count96
\tag@help=\toks15
\row@=\count97
\column@=\count98
\maxfields@=\count99
\andhelp@=\toks16
\eqnshift@=\dimen107
\alignsep@=\dimen108
\tagshift@=\dimen109
\tagwidth@=\dimen110
\totwidth@=\dimen111
\lineht@=\dimen112
\@envbody=\toks17
\multlinegap=\skip44
\multlinetaggap=\skip45
\mathdisplay@stack=\toks18
LaTeX Info: Redefining \[ on input line 2665.
LaTeX Info: Redefining \] on input line 2666.
)
("C:\Users\Brian Williamson\SkyDrive\MikTex\tex\latex\amscls\amsthm.sty"
Package: amsthm 2004/08/06 v2.20
\thm@style=\toks19
\thm@bodyfont=\toks20
\thm@headfont=\toks21
\thm@notefont=\toks22
\thm@headpunct=\toks23
\thm@preskip=\skip46
\thm@postskip=\skip47
\thm@headsep=\skip48
\dth@everypar=\toks24
)
("C:\Users\Brian Williamson\SkyDrive\MikTex\tex\latex\amsfonts\amsfonts.sty"
Package: amsfonts 2013/01/14 v3.01 Basic AMSFonts support
\symAMSa=\mathgroup4
\symAMSb=\mathgroup5
LaTeX Font Info:    Overwriting math alphabet `\mathfrak' in version `bold'
(Font)                  U/euf/m/n --> U/euf/b/n on input line 106.
)
("C:\Users\Brian Williamson\SkyDrive\MikTex\tex\latex\amsfonts\amssymb.sty"
Package: amssymb 2013/01/14 v3.01 AMS font symbols
)
("C:\Users\Brian Williamson\SkyDrive\MikTex\tex\latex\amsmath\amscd.sty"
Package: amscd 1999/11/29 v2.0
\athelp@=\toks25
\minaw@=\dimen113
\bigaw@=\dimen114
\minCDarrowwidth=\dimen115
)
("C:\Users\Brian Williamson\SkyDrive\MikTex\tex\latex\preprint\fullpage.sty"
Package: fullpage 1999/02/23 1.1 (PWD)
\FP@margin=\skip49
)
("C:\Users\Brian Williamson\SkyDrive\MikTex\tex\latex\lastpage\lastpage.sty"
Package: lastpage 2013/01/28 v1.2l Refers to last page's name (HMM; JPG)
)
("C:\Users\Brian Williamson\SkyDrive\MikTex\tex\latex\tools\enumerate.sty"
Package: enumerate 1999/03/05 v3.00 enumerate extensions (DPC)
\@enLab=\toks26
)
("C:\Users\Brian Williamson\SkyDrive\MikTex\tex\latex\fancyhdr\fancyhdr.sty"
\fancy@headwidth=\skip50
\f@ncyO@elh=\skip51
\f@ncyO@erh=\skip52
\f@ncyO@olh=\skip53
\f@ncyO@orh=\skip54
\f@ncyO@elf=\skip55
\f@ncyO@erf=\skip56
\f@ncyO@olf=\skip57
\f@ncyO@orf=\skip58
)
("C:\Users\Brian Williamson\SkyDrive\MikTex\tex\latex\overpic\overpic.sty"
Package: overpic 2010/09/13 v0.53  Overwriting graphics

Package: overpic v0.53 <2010/09/13> (RN)
("C:\Users\Brian Williamson\SkyDrive\MikTex\tex\latex\graphics\graphicx.sty"
Package: graphicx 1999/02/16 v1.0f Enhanced LaTeX Graphics (DPC,SPQR)

("C:\Users\Brian Williamson\SkyDrive\MikTex\tex\latex\graphics\keyval.sty"
Package: keyval 1999/03/16 v1.13 key=value parser (DPC)
\KV@toks@=\toks27
)
("C:\Users\Brian Williamson\SkyDrive\MikTex\tex\latex\graphics\graphics.sty"
Package: graphics 2009/02/05 v1.0o Standard LaTeX Graphics (DPC,SPQR)

("C:\Users\Brian Williamson\SkyDrive\MikTex\tex\latex\graphics\trig.sty"
Package: trig 1999/03/16 v1.09 sin cos tan (DPC)
)
("C:\Users\Brian Williamson\SkyDrive\MikTex\tex\latex\00miktex\graphics.cfg"
File: graphics.cfg 2007/01/18 v1.5 graphics configuration of teTeX/TeXLive
)
Package graphics Info: Driver file: pdftex.def on input line 91.

("C:\Users\Brian Williamson\SkyDrive\MikTex\tex\latex\pdftex-def\pdftex.def"
File: pdftex.def 2011/05/27 v0.06d Graphics/color for pdfTeX

("C:\Users\Brian Williamson\SkyDrive\MikTex\tex\generic\oberdiek\infwarerr.sty"
Package: infwarerr 2010/04/08 v1.3 Providing info/warning/error messages (HO)
) ("C:\Users\Brian Williamson\SkyDrive\MikTex\tex\generic\oberdiek\ltxcmds.sty"
Package: ltxcmds 2011/11/09 v1.22 LaTeX kernel commands for general use (HO)
)
\Gread@gobject=\count100
))
\Gin@req@height=\dimen116
\Gin@req@width=\dimen117
) ("C:\Users\Brian Williamson\SkyDrive\MikTex\tex\latex\eepic\epic.sty"
Enhancements to Picture Environment. Version 1.2 - Released June 1, 1986
\@@multicnt=\count101
\d@lta=\count102
\@delta=\dimen118
\@@delta=\dimen119
\@gridcnt=\count103
\@joinkind=\count104
\@dotgap=\dimen120
\@ddotgap=\dimen121
\@x@diff=\count105
\@y@diff=\count106
\x@diff=\dimen122
\y@diff=\dimen123
\@dotbox=\box28
\num@segments=\count107
\num@segmentsi=\count108
\@datafile=\read1
)
overpic: relative positioning in percent
) ("C:\Users\Brian Williamson\SkyDrive\MikTex\tex\latex\jknappen\mathrsfs.sty"
Package: mathrsfs 1996/01/01 Math RSFS package v1.0 (jk)
\symrsfs=\mathgroup6
) ("C:\Users\Brian Williamson\SkyDrive\MikTex\tex\latex\wrapfig\wrapfig.sty"
\wrapoverhang=\dimen124
\WF@size=\dimen125
\c@WF@wrappedlines=\count109
\WF@box=\box29
\WF@everypar=\toks28
Package: wrapfig 2003/01/31  v 3.6
)
("C:\Users\Brian Williamson\SkyDrive\MikTex\tex\latex\multirow\multirow.sty"
\bigstrutjot=\dimen126
)
("C:\Users\Brian Williamson\SkyDrive\MikTex\tex\latex\graphics\lscape.sty"
Package: lscape 2000/10/22 v3.01 Landscape Pages (DPC)
)
("C:\Users\Brian Williamson\SkyDrive\MikTex\tex\latex\graphics\color.sty"
Package: color 2005/11/14 v1.0j Standard LaTeX Color (DPC)

("C:\Users\Brian Williamson\SkyDrive\MikTex\tex\latex\00miktex\color.cfg"
File: color.cfg 2007/01/18 v1.5 color configuration of teTeX/TeXLive
)
Package color Info: Driver file: pdftex.def on input line 130.

("C:\Users\Brian Williamson\SkyDrive\MikTex\tex\latex\graphics\dvipsnam.def"
File: dvipsnam.def 1999/02/16 v3.0i Driver-dependant file (DPC,SPQR)
))
("C:\Users\Brian Williamson\SkyDrive\MikTex\tex\latex\listings\listings.sty"
\lst@mode=\count110
\lst@gtempboxa=\box30
\lst@token=\toks29
\lst@length=\count111
\lst@currlwidth=\dimen127
\lst@column=\count112
\lst@pos=\count113
\lst@lostspace=\dimen128
\lst@width=\dimen129
\lst@newlines=\count114
\lst@lineno=\count115
\lst@maxwidth=\dimen130

("C:\Users\Brian Williamson\SkyDrive\MikTex\tex\latex\listings\lstmisc.sty"
File: lstmisc.sty 2014/09/06 1.5e (Carsten Heinz)
\c@lstnumber=\count116
\lst@skipnumbers=\count117
\lst@framebox=\box31
)
("C:\Users\Brian Williamson\SkyDrive\MikTex\tex\latex\listings\listings.cfg"
File: listings.cfg 2014/09/06 1.5e listings configuration
))
Package: listings 2014/09/06 1.5e (Carsten Heinz)

("C:\Users\Brian Williamson\SkyDrive\MikTex\tex\latex\xcolor\xcolor.sty"
Package: xcolor 2007/01/21 v2.11 LaTeX color extensions (UK)

("C:\Users\Brian Williamson\SkyDrive\MikTex\tex\latex\00miktex\color.cfg"
File: color.cfg 2007/01/18 v1.5 color configuration of teTeX/TeXLive
)
Package xcolor Info: Package option `usenames' ignored on input line 216.
Package xcolor Info: Driver file: pdftex.def on input line 225.

("C:\Users\Brian Williamson\SkyDrive\MikTex\tex\latex\colortbl\colortbl.sty"
Package: colortbl 2012/02/13 v1.0a Color table columns (DPC)

("C:\Users\Brian Williamson\SkyDrive\MikTex\tex\latex\tools\array.sty"
Package: array 2008/09/09 v2.4c Tabular extension package (FMi)
\col@sep=\dimen131
\extrarowheight=\dimen132
\NC@list=\toks30
\extratabsurround=\skip59
\backup@length=\skip60
)
\everycr=\toks31
\minrowclearance=\skip61
)
LaTeX Info: Redefining \color on input line 702.
\rownum=\count118
Package xcolor Info: Model `cmy' substituted by `cmy0' on input line 1337.
Package xcolor Info: Model `hsb' substituted by `rgb' on input line 1341.
Package xcolor Info: Model `RGB' extended on input line 1353.
Package xcolor Info: Model `HTML' substituted by `rgb' on input line 1355.
Package xcolor Info: Model `Hsb' substituted by `hsb' on input line 1356.
Package xcolor Info: Model `tHsb' substituted by `hsb' on input line 1357.
Package xcolor Info: Model `HSB' substituted by `hsb' on input line 1358.
Package xcolor Info: Model `Gray' substituted by `gray' on input line 1359.
Package xcolor Info: Model `wave' substituted by `hsb' on input line 1360.

("C:\Users\Brian Williamson\SkyDrive\MikTex\tex\latex\graphics\dvipsnam.def"
File: dvipsnam.def 1999/02/16 v3.0i Driver-dependant file (DPC,SPQR)
)
("C:\Users\Brian Williamson\SkyDrive\MikTex\tex\latex\xcolor\svgnam.def"
File: svgnam.def 2007/01/21 v2.11 Predefined colors according to SVG 1.1 (UK)
))
("C:\Users\Brian Williamson\SkyDrive\MikTex\tex\latex\geometry\geometry.sty"
Package: geometry 2010/09/12 v5.6 Page Geometry

("C:\Users\Brian Williamson\SkyDrive\MikTex\tex\generic\oberdiek\ifpdf.sty"
Package: ifpdf 2011/01/30 v2.3 Provides the ifpdf switch (HO)
Package ifpdf Info: pdfTeX in PDF mode is detected.
)
("C:\Users\Brian Williamson\SkyDrive\MikTex\tex\generic\oberdiek\ifvtex.sty"
Package: ifvtex 2010/03/01 v1.5 Detect VTeX and its facilities (HO)
Package ifvtex Info: VTeX not detected.
)
("C:\Users\Brian Williamson\SkyDrive\MikTex\tex\generic\ifxetex\ifxetex.sty"
Package: ifxetex 2010/09/12 v0.6 Provides ifxetex conditional
)
\Gm@cnth=\count119
\Gm@cntv=\count120
\c@Gm@tempcnt=\count121
\Gm@bindingoffset=\dimen133
\Gm@wd@mp=\dimen134
\Gm@odd@mp=\dimen135
\Gm@even@mp=\dimen136
\Gm@layoutwidth=\dimen137
\Gm@layoutheight=\dimen138
\Gm@layouthoffset=\dimen139
\Gm@layoutvoffset=\dimen140
\Gm@dimlist=\toks32

("C:\Users\Brian Williamson\SkyDrive\MikTex\tex\latex\geometry\geometry.cfg"))
("C:\Users\Brian Williamson\SkyDrive\MikTex\tex\latex\verbdef\verbdef.sty"
Package: verbdef 2000/10/06 v0.2 define verbatim csnames
)
("C:\Users\Brian Williamson\SkyDrive\MikTex\tex\latex\setspace\setspace.sty"
Package: setspace 2011/12/19 v6.7a set line spacing
)
("C:\Users\Brian Williamson\SkyDrive\MikTex\tex\latex\hyperref\hyperref.sty"
Package: hyperref 2012/11/06 v6.83m Hypertext links for LaTeX

("C:\Users\Brian Williamson\SkyDrive\MikTex\tex\generic\oberdiek\hobsub-hyperre
f.sty"
Package: hobsub-hyperref 2012/04/25 v1.12 Bundle oberdiek, subset hyperref (HO)


("C:\Users\Brian Williamson\SkyDrive\MikTex\tex\generic\oberdiek\hobsub-generic
.sty"
Package: hobsub-generic 2012/04/25 v1.12 Bundle oberdiek, subset generic (HO)
Package: hobsub 2012/04/25 v1.12 Construct package bundles (HO)
Package hobsub Info: Skipping package `infwarerr' (already loaded).
Package hobsub Info: Skipping package `ltxcmds' (already loaded).
Package: ifluatex 2010/03/01 v1.3 Provides the ifluatex switch (HO)
Package ifluatex Info: LuaTeX not detected.
Package hobsub Info: Skipping package `ifvtex' (already loaded).
Package: intcalc 2007/09/27 v1.1 Expandable calculations with integers (HO)
Package hobsub Info: Skipping package `ifpdf' (already loaded).
Package: etexcmds 2011/02/16 v1.5 Avoid name clashes with e-TeX commands (HO)
Package etexcmds Info: Could not find \expanded.
(etexcmds)             That can mean that you are not using pdfTeX 1.50 or
(etexcmds)             that some package has redefined \expanded.
(etexcmds)             In the latter case, load this package earlier.
Package: kvsetkeys 2012/04/25 v1.16 Key value parser (HO)
Package: kvdefinekeys 2011/04/07 v1.3 Define keys (HO)
Package: pdftexcmds 2011/11/29 v0.20 Utility functions of pdfTeX for LuaTeX (HO
)
Package pdftexcmds Info: LuaTeX not detected.
Package pdftexcmds Info: \pdf@primitive is available.
Package pdftexcmds Info: \pdf@ifprimitive is available.
Package pdftexcmds Info: \pdfdraftmode found.
Package: pdfescape 2011/11/25 v1.13 Implements pdfTeX's escape features (HO)
Package: bigintcalc 2012/04/08 v1.3 Expandable calculations on big integers (HO
)
Package: bitset 2011/01/30 v1.1 Handle bit-vector datatype (HO)
Package: uniquecounter 2011/01/30 v1.2 Provide unlimited unique counter (HO)
)
Package hobsub Info: Skipping package `hobsub' (already loaded).
Package: letltxmacro 2010/09/02 v1.4 Let assignment for LaTeX macros (HO)
Package: hopatch 2011/06/24 v1.1 Wrapper for package hooks (HO)
Package: xcolor-patch 2011/01/30 xcolor patch
Package: atveryend 2011/06/30 v1.8 Hooks at the very end of document (HO)
Package atveryend Info: \enddocument detected (standard20110627).
Package: atbegshi 2011/10/05 v1.16 At begin shipout hook (HO)
Package: refcount 2011/10/16 v3.4 Data extraction from label references (HO)
Package: hycolor 2011/01/30 v1.7 Color options for hyperref/bookmark (HO)
)
("C:\Users\Brian Williamson\SkyDrive\MikTex\tex\latex\oberdiek\auxhook.sty"
Package: auxhook 2011/03/04 v1.3 Hooks for auxiliary files (HO)
)
("C:\Users\Brian Williamson\SkyDrive\MikTex\tex\latex\oberdiek\kvoptions.sty"
Package: kvoptions 2011/06/30 v3.11 Key value format for package options (HO)
)
\@linkdim=\dimen141
\Hy@linkcounter=\count122
\Hy@pagecounter=\count123

("C:\Users\Brian Williamson\SkyDrive\MikTex\tex\latex\hyperref\pd1enc.def"
File: pd1enc.def 2012/11/06 v6.83m Hyperref: PDFDocEncoding definition (HO)
)
\Hy@SavedSpaceFactor=\count124

("C:\Users\Brian Williamson\SkyDrive\MikTex\tex\latex\00miktex\hyperref.cfg"
File: hyperref.cfg 2002/06/06 v1.2 hyperref configuration of TeXLive
)
Package hyperref Info: Option `colorlinks' set `true' on input line 4319.
Package hyperref Info: Hyper figures OFF on input line 4443.
Package hyperref Info: Link nesting OFF on input line 4448.
Package hyperref Info: Hyper index ON on input line 4451.
Package hyperref Info: Plain pages OFF on input line 4458.
Package hyperref Info: Backreferencing OFF on input line 4463.
Package hyperref Info: Implicit mode ON; LaTeX internals redefined.
Package hyperref Info: Bookmarks ON on input line 4688.
\c@Hy@tempcnt=\count125

("C:\Users\Brian Williamson\SkyDrive\MikTex\tex\latex\url\url.sty"
\Urlmuskip=\muskip11
Package: url 2013/09/16  ver 3.4  Verb mode for urls, etc.
)
LaTeX Info: Redefining \url on input line 5041.
\XeTeXLinkMargin=\dimen142
\Fld@menulength=\count126
\Field@Width=\dimen143
\Fld@charsize=\dimen144
Package hyperref Info: Hyper figures OFF on input line 6295.
Package hyperref Info: Link nesting OFF on input line 6300.
Package hyperref Info: Hyper index ON on input line 6303.
Package hyperref Info: backreferencing OFF on input line 6310.
Package hyperref Info: Link coloring ON on input line 6313.
Package hyperref Info: Link coloring with OCG OFF on input line 6320.
Package hyperref Info: PDF/A mode OFF on input line 6325.
LaTeX Info: Redefining \ref on input line 6365.
LaTeX Info: Redefining \pageref on input line 6369.
\Hy@abspage=\count127
\c@Item=\count128
\c@Hfootnote=\count129
)

Package hyperref Message: Driver (autodetected): hpdftex.

("C:\Users\Brian Williamson\SkyDrive\MikTex\tex\latex\hyperref\hpdftex.def"
File: hpdftex.def 2012/11/06 v6.83m Hyperref driver for pdfTeX
\Fld@listcount=\count130
\c@bookmark@seq@number=\count131

("C:\Users\Brian Williamson\SkyDrive\MikTex\tex\latex\oberdiek\rerunfilecheck.s
ty"
Package: rerunfilecheck 2011/04/15 v1.7 Rerun checks for auxiliary files (HO)
Package uniquecounter Info: New unique counter `rerunfilecheck' on input line 2
82.
)
\Hy@SectionHShift=\skip62
)
("C:\Users\Brian Williamson\Dropbox\R Project Summer 2014\Website\Intro to R\In
troToR.aux")
LaTeX Font Info:    Checking defaults for OML/cmm/m/it on input line 34.
LaTeX Font Info:    ... okay on input line 34.
LaTeX Font Info:    Checking defaults for T1/cmr/m/n on input line 34.
LaTeX Font Info:    ... okay on input line 34.
LaTeX Font Info:    Checking defaults for OT1/cmr/m/n on input line 34.
LaTeX Font Info:    ... okay on input line 34.
LaTeX Font Info:    Checking defaults for OMS/cmsy/m/n on input line 34.
LaTeX Font Info:    ... okay on input line 34.
LaTeX Font Info:    Checking defaults for OMX/cmex/m/n on input line 34.
LaTeX Font Info:    ... okay on input line 34.
LaTeX Font Info:    Checking defaults for U/cmr/m/n on input line 34.
LaTeX Font Info:    ... okay on input line 34.
LaTeX Font Info:    Checking defaults for PD1/pdf/m/n on input line 34.
LaTeX Font Info:    ... okay on input line 34.
Package lastpage Info: Please have a look at the pageslts package at
(lastpage)             http://www.ctan.org/tex-archive/ 
(lastpage)             macros/latex/contrib/pageslts/ 
(lastpage)             or
(lastpage)             http://www.ctan.org/tex-archive/ 
(lastpage)             install/macros/latex/contrib/pageslts.tds.zip
(lastpage)             ! on input line 34.

("C:\Users\Brian Williamson\SkyDrive\MikTex\tex\context\base\supp-pdf.mkii"
[Loading MPS to PDF converter (version 2006.09.02).]
\scratchcounter=\count132
\scratchdimen=\dimen145
\scratchbox=\box32
\nofMPsegments=\count133
\nofMParguments=\count134
\everyMPshowfont=\toks33
\MPscratchCnt=\count135
\MPscratchDim=\dimen146
\MPnumerator=\count136
\makeMPintoPDFobject=\count137
\everyMPtoPDFconversion=\toks34
)
\c@lstlisting=\count138

*geometry* driver: auto-detecting
*geometry* detected driver: pdftex
*geometry* verbose mode - [ preamble ] result:
* driver: pdftex
* paper: letterpaper
* layout: <same size as paper>
* layoutoffset:(h,v)=(0.0pt,0.0pt)
* modes: 
* h-part:(L,W,R)=(71.13188pt, 472.03123pt, 71.13188pt)
* v-part:(T,H,B)=(71.13188pt, 652.70622pt, 71.13188pt)
* \paperwidth=614.295pt
* \paperheight=794.96999pt
* \textwidth=472.03123pt
* \textheight=652.70622pt
* \oddsidemargin=-1.1381pt
* \evensidemargin=-1.1381pt
* \topmargin=-26.7454pt
* \headheight=0.0pt
* \headsep=25.6073pt
* \topskip=11.0pt
* \footskip=30.0pt
* \marginparwidth=59.0pt
* \marginparsep=10.0pt
* \columnsep=10.0pt
* \skip\footins=10.0pt plus 4.0pt minus 2.0pt
* \hoffset=0.0pt
* \voffset=0.0pt
* \mag=1000
* \@twocolumnfalse
* \@twosidefalse
* \@mparswitchfalse
* \@reversemarginfalse
* (1in=72.27pt=25.4mm, 1cm=28.453pt)

\AtBeginShipoutBox=\box33
Package hyperref Info: Link coloring ON on input line 34.
("C:\Users\Brian Williamson\SkyDrive\MikTex\tex\latex\hyperref\nameref.sty"
Package: nameref 2012/10/27 v2.43 Cross-referencing by name of section

("C:\Users\Brian Williamson\SkyDrive\MikTex\tex\generic\oberdiek\gettitlestring
.sty"
Package: gettitlestring 2010/12/03 v1.4 Cleanup title references (HO)
)
\c@section@level=\count139
)
LaTeX Info: Redefining \ref on input line 34.
LaTeX Info: Redefining \pageref on input line 34.
LaTeX Info: Redefining \nameref on input line 34.

("C:\Users\Brian Williamson\Dropbox\R Project Summer 2014\Website\Intro to R\In
troToR.out")
("C:\Users\Brian Williamson\Dropbox\R Project Summer 2014\Website\Intro to R\In
troToR.out")
\@outlinefile=\write3
 [1

{C:/Users/Brian Williamson/AppData/Local/MiKTeX/2.9/pdftex/config/pdftex.map}]
("C:\Users\Brian Williamson\Dropbox\R Project Summer 2014\Website\Intro to R\In
troToR.toc"
LaTeX Font Info:    Try loading font information for U+msa on input line 3.

("C:\Users\Brian Williamson\SkyDrive\MikTex\tex\latex\amsfonts\umsa.fd"
File: umsa.fd 2013/01/14 v3.01 AMS symbols A
)
LaTeX Font Info:    Try loading font information for U+msb on input line 3.

("C:\Users\Brian Williamson\SkyDrive\MikTex\tex\latex\amsfonts\umsb.fd"
File: umsb.fd 2013/01/14 v3.01 AMS symbols B
)
LaTeX Font Info:    Try loading font information for U+rsfs on input line 3.

("C:\Users\Brian Williamson\SkyDrive\MikTex\tex\latex\jknappen\ursfs.fd"
File: ursfs.fd 1998/03/24 rsfs font definition file (jk)
)
[2

] [3])
\tf@toc=\write4
 [4]
Chapter 1.

Underfull \hbox (badness 10000) in paragraph at lines 40--41

 []

[5

]
Chapter 2.
LaTeX Font Info:    Try loading font information for OMS+cmr on input line 48.
("C:\Users\Brian Williamson\SkyDrive\MikTex\tex\latex\base\omscmr.fd"
File: omscmr.fd 1999/05/25 v2.5h Standard LaTeX font definitions
)
LaTeX Font Info:    Font shape `OMS/cmr/m/n' in size <10.95> not available
(Font)              Font shape `OMS/cmsy/m/n' tried instead on input line 48.

<r_welcome.png, id=528, 386.04225pt x 240.9pt>
File: r_welcome.png Graphic file (type png)
 <use r_welcome.png>
Package pdftex.def Info: r_welcome.png used on input line 52.
(pdftex.def)             Requested size: 361.34999pt x 225.49397pt.
 [6

 <C:/Users/Brian Williamson/Dropbox/R Project Summer 2014/Website/Intro to R/r_
welcome.png>] [7]
Chapter 3.

Underfull \hbox (badness 10000) in paragraph at lines 74--75

 []


Underfull \hbox (badness 10000) in paragraph at lines 76--80

 []


Underfull \hbox (badness 10000) in paragraph at lines 76--80

 []


Underfull \hbox (badness 10000) in paragraph at lines 94--95

 []

[8

]
Underfull \hbox (badness 10000) in paragraph at lines 96--99

 []

[9] [10] [11] [12] [13] [14]
Chapter 4.
[15

]
Chapter 5.
[16

]
LaTeX Font Info:    Font shape `OT1/cmtt/bx/n' in size <12> not available
(Font)              Font shape `OT1/cmtt/m/n' tried instead on input line 347.

Overfull \hbox (68.34541pt too wide) in paragraph at lines 365--365
[]\OT1/cmtt/m/n/10.95 [1]     2.718282     7.389056    20.085537    54.598150  
 148.413159   403.428793  1096.633158[] 
 []

[17] [18] [19] [20]
Chapter 6.

Underfull \hbox (badness 10000) in paragraph at lines 477--478

 []

<mean_help.png, id=597, 440.24475pt x 311.36325pt>
File: mean_help.png Graphic file (type png)
 <use mean_help.png>
Package pdftex.def Info: mean_help.png used on input line 487.
(pdftex.def)             Requested size: 361.34999pt x 255.57607pt.


LaTeX Warning: `!h' float specifier changed to `!ht'.

[21

] [22 <C:/Users/Brian Williamson/Dropbox/R Project Summer 2014/Website/Intro to
 R/mean_help.png>]
Chapter 7.
LaTeX Font Info:    Font shape `OT1/cmtt/bx/n' in size <14.4> not available
(Font)              Font shape `OT1/cmtt/m/n' tried instead on input line 495.

Underfull \hbox (badness 10000) in paragraph at lines 498--507

 []


Underfull \hbox (badness 10000) in paragraph at lines 498--507

 []


Underfull \hbox (badness 10000) in paragraph at lines 498--507

 []


LaTeX Warning: The counter will not be printed.
             The label is:  on input line 508.

[23

] [24]
Chapter 8.

Underfull \hbox (badness 10000) in paragraph at lines 550--561

 []


Underfull \hbox (badness 10000) in paragraph at lines 550--561

 []


LaTeX Warning: The counter will not be printed.
             The label is:  on input line 568.

[25

]

LaTeX Warning: The counter will not be printed.
             The label is:  on input line 631.

[26]

LaTeX Warning: The counter will not be printed.
             The label is:  on input line 704.

[27]

LaTeX Warning: The counter will not be printed.
             The label is:  on input line 768.

[28]

LaTeX Warning: The counter will not be printed.
             The label is:  on input line 887.

[29] [30] [31] [32]
Chapter 9.

Underfull \hbox (badness 10000) in paragraph at lines 1048--1056

 []


LaTeX Warning: The counter will not be printed.
             The label is:  on input line 1058.

Missing character: There is no ‚ in font cmtt8!
Missing character: There is no Ä in font cmtt8!
Missing character: There is no ú in font cmtt8!
Missing character: There is no ‚ in font cmtt8!
Missing character: There is no Ä in font cmtt8!
Missing character: There is no ù in font cmtt8!
<FEVbplotSt.png, id=661, 621.32124pt x 444.66125pt>
File: FEVbplotSt.png Graphic file (type png)
 <use FEVbplotSt.png>
Package pdftex.def Info: FEVbplotSt.png used on input line 1072.
(pdftex.def)             Requested size: 284.52756pt x 203.62389pt.


LaTeX Warning: `!h' float specifier changed to `!ht'.

[33

] <FEVbplotR.png, id=667, 934.49126pt x 534.99875pt>
File: FEVbplotR.png Graphic file (type png)
 <use FEVbplotR.png>
Package pdftex.def Info: FEVbplotR.png used on input line 1089.
(pdftex.def)             Requested size: 284.52756pt x 162.89273pt.

[34 <C:/Users/Brian Williamson/Dropbox/R Project Summer 2014/Website/Intro to R
/FEVbplotSt.png> <C:/Users/Brian Williamson/Dropbox/R Project Summer 2014/Websi
te/Intro to R/FEVbplotR.png>]

LaTeX Warning: The counter will not be printed.
             The label is:  on input line 1102.


Underfull \hbox (badness 10000) in paragraph at lines 1094--1102

 []

<fev1hist.png, id=675, 475.7775pt x 346.29375pt>
File: fev1hist.png Graphic file (type png)
 <use fev1hist.png>
Package pdftex.def Info: fev1hist.png used on input line 1114.
(pdftex.def)             Requested size: 144.54202pt x 144.5441pt.

<fev1hist_R.pdf, id=676, 505.89pt x 505.89pt>
File: fev1hist_R.pdf Graphic file (type pdf)
 <use fev1hist_R.pdf>
Package pdftex.def Info: fev1hist_R.pdf used on input line 1133.
(pdftex.def)             Requested size: 144.54294pt x 144.54294pt.
 [35 <C:/Users/Brian Williamson/Dropbox/R Project Summer 2014/Website/Intro to 
R/fev1hist.png (PNG copy)>] <fev1hist_R2.pdf, id=683, 505.89pt x 505.89pt>
File: fev1hist_R2.pdf Graphic file (type pdf)

<use fev1hist_R2.pdf>
Package pdftex.def Info: fev1hist_R2.pdf used on input line 1144.
(pdftex.def)             Requested size: 144.54294pt x 144.54294pt.


LaTeX Warning: The counter will not be printed.
             The label is:  on input line 1162.


Underfull \hbox (badness 10000) in paragraph at lines 1154--1162

 []

[36 <C:/Users/Brian Williamson/Dropbox/R Project Summer 2014/Website/Intro to R
/fev1hist_R.pdf> <C:/Users/Brian Williamson/Dropbox/R Project Summer 2014/Websi
te/Intro to R/fev1hist_R2.pdf>]
<fev1clintrial_lowess_scatter_example1_stata.png, id=701, 475.7775pt x 346.2937
5pt>
File: fev1clintrial_lowess_scatter_example1_stata.png Graphic file (type png)
 <use fev1clintrial_lowess_scatter_example1_stata.png>
Package pdftex.def Info: fev1clintrial_lowess_scatter_example1_stata.png used o
n input line 1174.
(pdftex.def)             Requested size: 144.54202pt x 144.5441pt.

<fev1clintrial_lowess_scatter_example1_R.pdf, id=702, 653.44125pt x 408.52625pt
>
File: fev1clintrial_lowess_scatter_example1_R.pdf Graphic file (type pdf)
 <use fev1clintrial_lowess_scatter_example1_R.pdf>
Package pdftex.def Info: fev1clintrial_lowess_scatter_example1_R.pdf used on in
put line 1193.
(pdftex.def)             Requested size: 144.53523pt x 144.5385pt.
 [37 <C:/Users/Brian Williamson/Dropbox/R Project Summer 2014/Website/Intro to 
R/fev1clintrial_lowess_scatter_example1_stata.png (PNG copy)> <C:/Users/Brian W
illiamson/Dropbox/R Project Summer 2014/Website/Intro to R/fev1clintrial_lowess
_scatter_example1_R.pdf>]
Chapter 10.

LaTeX Warning: The counter will not be printed.
             The label is:  on input line 1212.


Underfull \hbox (badness 10000) in paragraph at lines 1203--1212

 []

[38

]

LaTeX Warning: The counter will not be printed.
             The label is:  on input line 1260.

[39]
Chapter 11.

LaTeX Warning: The counter will not be printed.
             The label is:  on input line 1307.

[40

]
Chapter 12.

Underfull \hbox (badness 10000) in paragraph at lines 1332--1340

 []


Underfull \hbox (badness 10000) in paragraph at lines 1332--1340

 []


Underfull \hbox (badness 10000) in paragraph at lines 1341--1342

 []


LaTeX Warning: The counter will not be printed.
             The label is:  on input line 1347.

[41

] [42]
Chapter 13.

Underfull \hbox (badness 10000) in paragraph at lines 1409--1410

 []


LaTeX Warning: The counter will not be printed.
             The label is:  on input line 1411.

[43

] [44]
Chapter 14.

Underfull \hbox (badness 10000) in paragraph at lines 1478--1487

 []


LaTeX Warning: The counter will not be printed.
             The label is:  on input line 1488.

[45

] [46]
Chapter 15.

Underfull \hbox (badness 10000) in paragraph at lines 1550--1558

 []

[47

]
Chapter 16.
<rgui_basic.png, id=767, 555.57562pt x 433.62pt>
File: rgui_basic.png Graphic file (type png)
 <use rgui_basic.png>
Package pdftex.def Info: rgui_basic.png used on input line 1564.
(pdftex.def)             Requested size: 144.53949pt x 144.53743pt.
 [48

 <C:/Users/Brian Williamson/Dropbox/R Project Summer 2014/Website/Intro to R/rg
ui_basic.png>]
Chapter 17.

LaTeX Warning: The counter will not be printed.
             The label is:  on input line 1576.

[49

]

LaTeX Warning: The counter will not be printed.
             The label is:  on input line 1669.

[50]

LaTeX Warning: The counter will not be printed.
             The label is:  on input line 1713.


LaTeX Warning: The counter will not be printed.
             The label is:  on input line 1753.

[51]
Overfull \hbox (14.8755pt too wide) detected at line 1787
[]
 []


Underfull \hbox (badness 10000) in paragraph at lines 1787--1788

 []


Overfull \hbox (38.30115pt too wide) detected at line 1795
[]
 []


Underfull \hbox (badness 10000) in paragraph at lines 1795--1796

 []

[52] [53] 
AED: lastpage setting LastPage
Package atveryend Info: Empty hook `BeforeClearDocument' on input line 1833.
Package atveryend Info: Empty hook `AfterLastShipout' on input line 1833.

("C:\Users\Brian Williamson\Dropbox\R Project Summer 2014\Website\Intro to R\In
troToR.aux")
Package atveryend Info: Executing hook `AtVeryEndDocument' on input line 1833.
Package atveryend Info: Executing hook `AtEndAfterFileList' on input line 1833.

Package rerunfilecheck Info: File `IntroToR.out' has not changed.
(rerunfilecheck)             Checksum: 4BC310200DF10EE375330CEDD0CDA38E;5839.
Package atveryend Info: Empty hook `AtVeryVeryEnd' on input line 1833.
 ) 
Here is how much of TeX's memory you used:
 9233 strings out of 493921
 134579 string characters out of 3141635
 246116 words of memory out of 3000000
 12174 multiletter control sequences out of 15000+200000
 12891 words of font info for 50 fonts, out of 3000000 for 9000
 841 hyphenation exceptions out of 8191
 41i,8n,43p,951b,567s stack positions out of 5000i,500n,10000p,200000b,50000s
<C:/Users/Brian Williamson/SkyDrive/MikTex/fonts/type1/public/amsfonts/cm/cmb
x10.pfb><C:/Users/Brian Williamson/SkyDrive/MikTex/fonts/type1/public/amsfonts/
cm/cmbx12.pfb><C:/Users/Brian Williamson/SkyDrive/MikTex/fonts/type1/public/ams
fonts/cm/cmbxti10.pfb><C:/Users/Brian Williamson/SkyDrive/MikTex/fonts/type1/pu
blic/amsfonts/cm/cmr10.pfb><C:/Users/Brian Williamson/SkyDrive/MikTex/fonts/typ
e1/public/amsfonts/cm/cmsy10.pfb><C:/Users/Brian Williamson/SkyDrive/MikTex/fon
ts/type1/public/amsfonts/cm/cmti10.pfb><C:/Users/Brian Williamson/SkyDrive/MikT
ex/fonts/type1/public/amsfonts/cm/cmtt10.pfb><C:/Users/Brian Williamson/SkyDriv
e/MikTex/fonts/type1/public/amsfonts/cm/cmtt12.pfb><C:/Users/Brian Williamson/S
kyDrive/MikTex/fonts/type1/public/amsfonts/cm/cmtt8.pfb>
Output written on IntroToR.pdf (53 pages, 466823 bytes).
PDF statistics:
 879 PDF objects out of 1000 (max. 8388607)
 183 named destinations out of 1000 (max. 500000)
 715 words of extra memory for PDF output out of 10000 (max. 10000000)

