This is pdfTeX, Version 3.1415926-2.5-1.40.14 (MiKTeX 2.9 64-bit) (preloaded format=pdflatex 2015.3.10)  1 JUL 2015 14:02
entering extended mode
**fevdoc.tex

("C:\Users\Brian Williamson\Dropbox\R Project Summer 2014\Website\ForWeb\FEV Do
c\fevdoc.tex"
LaTeX2e <2011/06/27>
Babel <v3.8m> and hyphenation patterns for english, afrikaans, ancientgreek, ar
abic, armenian, assamese, basque, bengali, bokmal, bulgarian, catalan, coptic, 
croatian, czech, danish, dutch, esperanto, estonian, farsi, finnish, french, ga
lician, german, german-x-2013-05-26, greek, gujarati, hindi, hungarian, iceland
ic, indonesian, interlingua, irish, italian, kannada, kurmanji, latin, latvian,
 lithuanian, malayalam, marathi, mongolian, mongolianlmc, monogreek, ngerman, n
german-x-2013-05-26, nynorsk, oriya, panjabi, pinyin, polish, portuguese, roman
ian, russian, sanskrit, serbian, slovak, slovenian, spanish, swedish, swissgerm
an, tamil, telugu, turkish, turkmen, ukenglish, ukrainian, uppersorbian, usengl
ishmax, welsh, loaded.
("C:\Users\Brian Williamson\SkyDrive\MikTex\tex\latex\base\article.cls"
Document Class: article 2007/10/19 v1.4h Standard LaTeX document class
("C:\Users\Brian Williamson\SkyDrive\MikTex\tex\latex\base\size10.clo"
File: size10.clo 2007/10/19 v1.4h Standard LaTeX file (size option)
)
\c@part=\count79
\c@section=\count80
\c@subsection=\count81
\c@subsubsection=\count82
\c@paragraph=\count83
\c@subparagraph=\count84
\c@figure=\count85
\c@table=\count86
\abovecaptionskip=\skip41
\belowcaptionskip=\skip42
\bibindent=\dimen102
)
("C:\Users\Brian Williamson\SkyDrive\MikTex\tex\latex\amsmath\amsmath.sty"
Package: amsmath 2013/01/14 v2.14 AMS math features
\@mathmargin=\skip43

For additional information on amsmath, use the `?' option.
("C:\Users\Brian Williamson\SkyDrive\MikTex\tex\latex\amsmath\amstext.sty"
Package: amstext 2000/06/29 v2.01

("C:\Users\Brian Williamson\SkyDrive\MikTex\tex\latex\amsmath\amsgen.sty"
File: amsgen.sty 1999/11/30 v2.0
\@emptytoks=\toks14
\ex@=\dimen103
))
("C:\Users\Brian Williamson\SkyDrive\MikTex\tex\latex\amsmath\amsbsy.sty"
Package: amsbsy 1999/11/29 v1.2d
\pmbraise@=\dimen104
)
("C:\Users\Brian Williamson\SkyDrive\MikTex\tex\latex\amsmath\amsopn.sty"
Package: amsopn 1999/12/14 v2.01 operator names
)
\inf@bad=\count87
LaTeX Info: Redefining \frac on input line 210.
\uproot@=\count88
\leftroot@=\count89
LaTeX Info: Redefining \overline on input line 306.
\classnum@=\count90
\DOTSCASE@=\count91
LaTeX Info: Redefining \ldots on input line 378.
LaTeX Info: Redefining \dots on input line 381.
LaTeX Info: Redefining \cdots on input line 466.
\Mathstrutbox@=\box26
\strutbox@=\box27
\big@size=\dimen105
LaTeX Font Info:    Redeclaring font encoding OML on input line 566.
LaTeX Font Info:    Redeclaring font encoding OMS on input line 567.
\macc@depth=\count92
\c@MaxMatrixCols=\count93
\dotsspace@=\muskip10
\c@parentequation=\count94
\dspbrk@lvl=\count95
\tag@help=\toks15
\row@=\count96
\column@=\count97
\maxfields@=\count98
\andhelp@=\toks16
\eqnshift@=\dimen106
\alignsep@=\dimen107
\tagshift@=\dimen108
\tagwidth@=\dimen109
\totwidth@=\dimen110
\lineht@=\dimen111
\@envbody=\toks17
\multlinegap=\skip44
\multlinetaggap=\skip45
\mathdisplay@stack=\toks18
LaTeX Info: Redefining \[ on input line 2665.
LaTeX Info: Redefining \] on input line 2666.
)
("C:\Users\Brian Williamson\SkyDrive\MikTex\tex\latex\amscls\amsthm.sty"
Package: amsthm 2004/08/06 v2.20
\thm@style=\toks19
\thm@bodyfont=\toks20
\thm@headfont=\toks21
\thm@notefont=\toks22
\thm@headpunct=\toks23
\thm@preskip=\skip46
\thm@postskip=\skip47
\thm@headsep=\skip48
\dth@everypar=\toks24
)
("C:\Users\Brian Williamson\SkyDrive\MikTex\tex\latex\amsfonts\amsfonts.sty"
Package: amsfonts 2013/01/14 v3.01 Basic AMSFonts support
\symAMSa=\mathgroup4
\symAMSb=\mathgroup5
LaTeX Font Info:    Overwriting math alphabet `\mathfrak' in version `bold'
(Font)                  U/euf/m/n --> U/euf/b/n on input line 106.
)
("C:\Users\Brian Williamson\SkyDrive\MikTex\tex\latex\amsfonts\amssymb.sty"
Package: amssymb 2013/01/14 v3.01 AMS font symbols
)
("C:\Users\Brian Williamson\SkyDrive\MikTex\tex\latex\amsmath\amscd.sty"
Package: amscd 1999/11/29 v2.0
\athelp@=\toks25
\minaw@=\dimen112
\bigaw@=\dimen113
\minCDarrowwidth=\dimen114
)
("C:\Users\Brian Williamson\SkyDrive\MikTex\tex\latex\preprint\fullpage.sty"
Package: fullpage 1999/02/23 1.1 (PWD)
\FP@margin=\skip49
)
("C:\Users\Brian Williamson\SkyDrive\MikTex\tex\latex\lastpage\lastpage.sty"
Package: lastpage 2013/01/28 v1.2l Refers to last page's name (HMM; JPG)
)
("C:\Users\Brian Williamson\SkyDrive\MikTex\tex\latex\tools\enumerate.sty"
Package: enumerate 1999/03/05 v3.00 enumerate extensions (DPC)
\@enLab=\toks26
)
("C:\Users\Brian Williamson\SkyDrive\MikTex\tex\latex\fancyhdr\fancyhdr.sty"
\fancy@headwidth=\skip50
\f@ncyO@elh=\skip51
\f@ncyO@erh=\skip52
\f@ncyO@olh=\skip53
\f@ncyO@orh=\skip54
\f@ncyO@elf=\skip55
\f@ncyO@erf=\skip56
\f@ncyO@olf=\skip57
\f@ncyO@orf=\skip58
)
("C:\Users\Brian Williamson\SkyDrive\MikTex\tex\latex\overpic\overpic.sty"
Package: overpic 2010/09/13 v0.53  Overwriting graphics

Package: overpic v0.53 <2010/09/13> (RN)
("C:\Users\Brian Williamson\SkyDrive\MikTex\tex\latex\graphics\graphicx.sty"
Package: graphicx 1999/02/16 v1.0f Enhanced LaTeX Graphics (DPC,SPQR)

("C:\Users\Brian Williamson\SkyDrive\MikTex\tex\latex\graphics\keyval.sty"
Package: keyval 1999/03/16 v1.13 key=value parser (DPC)
\KV@toks@=\toks27
)
("C:\Users\Brian Williamson\SkyDrive\MikTex\tex\latex\graphics\graphics.sty"
Package: graphics 2009/02/05 v1.0o Standard LaTeX Graphics (DPC,SPQR)

("C:\Users\Brian Williamson\SkyDrive\MikTex\tex\latex\graphics\trig.sty"
Package: trig 1999/03/16 v1.09 sin cos tan (DPC)
)
("C:\Users\Brian Williamson\SkyDrive\MikTex\tex\latex\00miktex\graphics.cfg"
File: graphics.cfg 2007/01/18 v1.5 graphics configuration of teTeX/TeXLive
)
Package graphics Info: Driver file: pdftex.def on input line 91.

("C:\Users\Brian Williamson\SkyDrive\MikTex\tex\latex\pdftex-def\pdftex.def"
File: pdftex.def 2011/05/27 v0.06d Graphics/color for pdfTeX

("C:\Users\Brian Williamson\SkyDrive\MikTex\tex\generic\oberdiek\infwarerr.sty"
Package: infwarerr 2010/04/08 v1.3 Providing info/warning/error messages (HO)
) ("C:\Users\Brian Williamson\SkyDrive\MikTex\tex\generic\oberdiek\ltxcmds.sty"
Package: ltxcmds 2011/11/09 v1.22 LaTeX kernel commands for general use (HO)
)
\Gread@gobject=\count99
))
\Gin@req@height=\dimen115
\Gin@req@width=\dimen116
) ("C:\Users\Brian Williamson\SkyDrive\MikTex\tex\latex\eepic\epic.sty"
Enhancements to Picture Environment. Version 1.2 - Released June 1, 1986
\@@multicnt=\count100
\d@lta=\count101
\@delta=\dimen117
\@@delta=\dimen118
\@gridcnt=\count102
\@joinkind=\count103
\@dotgap=\dimen119
\@ddotgap=\dimen120
\@x@diff=\count104
\@y@diff=\count105
\x@diff=\dimen121
\y@diff=\dimen122
\@dotbox=\box28
\num@segments=\count106
\num@segmentsi=\count107
\@datafile=\read1
)
overpic: relative positioning in percent
) ("C:\Users\Brian Williamson\SkyDrive\MikTex\tex\latex\jknappen\mathrsfs.sty"
Package: mathrsfs 1996/01/01 Math RSFS package v1.0 (jk)
\symrsfs=\mathgroup6
) ("C:\Users\Brian Williamson\SkyDrive\MikTex\tex\latex\wrapfig\wrapfig.sty"
\wrapoverhang=\dimen123
\WF@size=\dimen124
\c@WF@wrappedlines=\count108
\WF@box=\box29
\WF@everypar=\toks28
Package: wrapfig 2003/01/31  v 3.6
)
("C:\Users\Brian Williamson\SkyDrive\MikTex\tex\latex\multirow\multirow.sty"
\bigstrutjot=\dimen125
)
("C:\Users\Brian Williamson\SkyDrive\MikTex\tex\latex\graphics\lscape.sty"
Package: lscape 2000/10/22 v3.01 Landscape Pages (DPC)
)
("C:\Users\Brian Williamson\SkyDrive\MikTex\tex\latex\graphics\color.sty"
Package: color 2005/11/14 v1.0j Standard LaTeX Color (DPC)

("C:\Users\Brian Williamson\SkyDrive\MikTex\tex\latex\00miktex\color.cfg"
File: color.cfg 2007/01/18 v1.5 color configuration of teTeX/TeXLive
)
Package color Info: Driver file: pdftex.def on input line 130.

("C:\Users\Brian Williamson\SkyDrive\MikTex\tex\latex\graphics\dvipsnam.def"
File: dvipsnam.def 1999/02/16 v3.0i Driver-dependant file (DPC,SPQR)
))
("C:\Users\Brian Williamson\SkyDrive\MikTex\tex\latex\listings\listings.sty"
\lst@mode=\count109
\lst@gtempboxa=\box30
\lst@token=\toks29
\lst@length=\count110
\lst@currlwidth=\dimen126
\lst@column=\count111
\lst@pos=\count112
\lst@lostspace=\dimen127
\lst@width=\dimen128
\lst@newlines=\count113
\lst@lineno=\count114
\lst@maxwidth=\dimen129

("C:\Users\Brian Williamson\SkyDrive\MikTex\tex\latex\listings\lstmisc.sty"
File: lstmisc.sty 2014/09/06 1.5e (Carsten Heinz)
\c@lstnumber=\count115
\lst@skipnumbers=\count116
\lst@framebox=\box31
)
("C:\Users\Brian Williamson\SkyDrive\MikTex\tex\latex\listings\listings.cfg"
File: listings.cfg 2014/09/06 1.5e listings configuration
))
Package: listings 2014/09/06 1.5e (Carsten Heinz)

("C:\Users\Brian Williamson\SkyDrive\MikTex\tex\latex\xcolor\xcolor.sty"
Package: xcolor 2007/01/21 v2.11 LaTeX color extensions (UK)

("C:\Users\Brian Williamson\SkyDrive\MikTex\tex\latex\00miktex\color.cfg"
File: color.cfg 2007/01/18 v1.5 color configuration of teTeX/TeXLive
)
Package xcolor Info: Package option `usenames' ignored on input line 216.
Package xcolor Info: Driver file: pdftex.def on input line 225.

("C:\Users\Brian Williamson\SkyDrive\MikTex\tex\latex\colortbl\colortbl.sty"
Package: colortbl 2012/02/13 v1.0a Color table columns (DPC)

("C:\Users\Brian Williamson\SkyDrive\MikTex\tex\latex\tools\array.sty"
Package: array 2008/09/09 v2.4c Tabular extension package (FMi)
\col@sep=\dimen130
\extrarowheight=\dimen131
\NC@list=\toks30
\extratabsurround=\skip59
\backup@length=\skip60
)
\everycr=\toks31
\minrowclearance=\skip61
)
LaTeX Info: Redefining \color on input line 702.
\rownum=\count117
Package xcolor Info: Model `cmy' substituted by `cmy0' on input line 1337.
Package xcolor Info: Model `hsb' substituted by `rgb' on input line 1341.
Package xcolor Info: Model `RGB' extended on input line 1353.
Package xcolor Info: Model `HTML' substituted by `rgb' on input line 1355.
Package xcolor Info: Model `Hsb' substituted by `hsb' on input line 1356.
Package xcolor Info: Model `tHsb' substituted by `hsb' on input line 1357.
Package xcolor Info: Model `HSB' substituted by `hsb' on input line 1358.
Package xcolor Info: Model `Gray' substituted by `gray' on input line 1359.
Package xcolor Info: Model `wave' substituted by `hsb' on input line 1360.

("C:\Users\Brian Williamson\SkyDrive\MikTex\tex\latex\graphics\dvipsnam.def"
File: dvipsnam.def 1999/02/16 v3.0i Driver-dependant file (DPC,SPQR)
)
("C:\Users\Brian Williamson\SkyDrive\MikTex\tex\latex\xcolor\svgnam.def"
File: svgnam.def 2007/01/21 v2.11 Predefined colors according to SVG 1.1 (UK)
))
("C:\Users\Brian Williamson\SkyDrive\MikTex\tex\latex\geometry\geometry.sty"
Package: geometry 2010/09/12 v5.6 Page Geometry

("C:\Users\Brian Williamson\SkyDrive\MikTex\tex\generic\oberdiek\ifpdf.sty"
Package: ifpdf 2011/01/30 v2.3 Provides the ifpdf switch (HO)
Package ifpdf Info: pdfTeX in PDF mode is detected.
)
("C:\Users\Brian Williamson\SkyDrive\MikTex\tex\generic\oberdiek\ifvtex.sty"
Package: ifvtex 2010/03/01 v1.5 Detect VTeX and its facilities (HO)
Package ifvtex Info: VTeX not detected.
)
("C:\Users\Brian Williamson\SkyDrive\MikTex\tex\generic\ifxetex\ifxetex.sty"
Package: ifxetex 2010/09/12 v0.6 Provides ifxetex conditional
)
\Gm@cnth=\count118
\Gm@cntv=\count119
\c@Gm@tempcnt=\count120
\Gm@bindingoffset=\dimen132
\Gm@wd@mp=\dimen133
\Gm@odd@mp=\dimen134
\Gm@even@mp=\dimen135
\Gm@layoutwidth=\dimen136
\Gm@layoutheight=\dimen137
\Gm@layouthoffset=\dimen138
\Gm@layoutvoffset=\dimen139
\Gm@dimlist=\toks32

("C:\Users\Brian Williamson\SkyDrive\MikTex\tex\latex\geometry\geometry.cfg"))
("C:\Users\Brian Williamson\SkyDrive\MikTex\tex\latex\verbdef\verbdef.sty"
Package: verbdef 2000/10/06 v0.2 define verbatim csnames
)
("C:\Users\Brian Williamson\SkyDrive\MikTex\tex\latex\setspace\setspace.sty"
Package: setspace 2011/12/19 v6.7a set line spacing
)
("C:\Users\Brian Williamson\SkyDrive\MikTex\tex\latex\hyperref\hyperref.sty"
Package: hyperref 2012/11/06 v6.83m Hypertext links for LaTeX

("C:\Users\Brian Williamson\SkyDrive\MikTex\tex\generic\oberdiek\hobsub-hyperre
f.sty"
Package: hobsub-hyperref 2012/04/25 v1.12 Bundle oberdiek, subset hyperref (HO)


("C:\Users\Brian Williamson\SkyDrive\MikTex\tex\generic\oberdiek\hobsub-generic
.sty"
Package: hobsub-generic 2012/04/25 v1.12 Bundle oberdiek, subset generic (HO)
Package: hobsub 2012/04/25 v1.12 Construct package bundles (HO)
Package hobsub Info: Skipping package `infwarerr' (already loaded).
Package hobsub Info: Skipping package `ltxcmds' (already loaded).
Package: ifluatex 2010/03/01 v1.3 Provides the ifluatex switch (HO)
Package ifluatex Info: LuaTeX not detected.
Package hobsub Info: Skipping package `ifvtex' (already loaded).
Package: intcalc 2007/09/27 v1.1 Expandable calculations with integers (HO)
Package hobsub Info: Skipping package `ifpdf' (already loaded).
Package: etexcmds 2011/02/16 v1.5 Avoid name clashes with e-TeX commands (HO)
Package etexcmds Info: Could not find \expanded.
(etexcmds)             That can mean that you are not using pdfTeX 1.50 or
(etexcmds)             that some package has redefined \expanded.
(etexcmds)             In the latter case, load this package earlier.
Package: kvsetkeys 2012/04/25 v1.16 Key value parser (HO)
Package: kvdefinekeys 2011/04/07 v1.3 Define keys (HO)
Package: pdftexcmds 2011/11/29 v0.20 Utility functions of pdfTeX for LuaTeX (HO
)
Package pdftexcmds Info: LuaTeX not detected.
Package pdftexcmds Info: \pdf@primitive is available.
Package pdftexcmds Info: \pdf@ifprimitive is available.
Package pdftexcmds Info: \pdfdraftmode found.
Package: pdfescape 2011/11/25 v1.13 Implements pdfTeX's escape features (HO)
Package: bigintcalc 2012/04/08 v1.3 Expandable calculations on big integers (HO
)
Package: bitset 2011/01/30 v1.1 Handle bit-vector datatype (HO)
Package: uniquecounter 2011/01/30 v1.2 Provide unlimited unique counter (HO)
)
Package hobsub Info: Skipping package `hobsub' (already loaded).
Package: letltxmacro 2010/09/02 v1.4 Let assignment for LaTeX macros (HO)
Package: hopatch 2011/06/24 v1.1 Wrapper for package hooks (HO)
Package: xcolor-patch 2011/01/30 xcolor patch
Package: atveryend 2011/06/30 v1.8 Hooks at the very end of document (HO)
Package atveryend Info: \enddocument detected (standard20110627).
Package: atbegshi 2011/10/05 v1.16 At begin shipout hook (HO)
Package: refcount 2011/10/16 v3.4 Data extraction from label references (HO)
Package: hycolor 2011/01/30 v1.7 Color options for hyperref/bookmark (HO)
)
("C:\Users\Brian Williamson\SkyDrive\MikTex\tex\latex\oberdiek\auxhook.sty"
Package: auxhook 2011/03/04 v1.3 Hooks for auxiliary files (HO)
)
("C:\Users\Brian Williamson\SkyDrive\MikTex\tex\latex\oberdiek\kvoptions.sty"
Package: kvoptions 2011/06/30 v3.11 Key value format for package options (HO)
)
\@linkdim=\dimen140
\Hy@linkcounter=\count121
\Hy@pagecounter=\count122

("C:\Users\Brian Williamson\SkyDrive\MikTex\tex\latex\hyperref\pd1enc.def"
File: pd1enc.def 2012/11/06 v6.83m Hyperref: PDFDocEncoding definition (HO)
)
\Hy@SavedSpaceFactor=\count123

("C:\Users\Brian Williamson\SkyDrive\MikTex\tex\latex\00miktex\hyperref.cfg"
File: hyperref.cfg 2002/06/06 v1.2 hyperref configuration of TeXLive
)
Package hyperref Info: Option `colorlinks' set `true' on input line 4319.
Package hyperref Info: Hyper figures OFF on input line 4443.
Package hyperref Info: Link nesting OFF on input line 4448.
Package hyperref Info: Hyper index ON on input line 4451.
Package hyperref Info: Plain pages OFF on input line 4458.
Package hyperref Info: Backreferencing OFF on input line 4463.
Package hyperref Info: Implicit mode ON; LaTeX internals redefined.
Package hyperref Info: Bookmarks ON on input line 4688.
\c@Hy@tempcnt=\count124

("C:\Users\Brian Williamson\SkyDrive\MikTex\tex\latex\url\url.sty"
\Urlmuskip=\muskip11
Package: url 2013/09/16  ver 3.4  Verb mode for urls, etc.
)
LaTeX Info: Redefining \url on input line 5041.
\XeTeXLinkMargin=\dimen141
\Fld@menulength=\count125
\Field@Width=\dimen142
\Fld@charsize=\dimen143
Package hyperref Info: Hyper figures OFF on input line 6295.
Package hyperref Info: Link nesting OFF on input line 6300.
Package hyperref Info: Hyper index ON on input line 6303.
Package hyperref Info: backreferencing OFF on input line 6310.
Package hyperref Info: Link coloring ON on input line 6313.
Package hyperref Info: Link coloring with OCG OFF on input line 6320.
Package hyperref Info: PDF/A mode OFF on input line 6325.
LaTeX Info: Redefining \ref on input line 6365.
LaTeX Info: Redefining \pageref on input line 6369.
\Hy@abspage=\count126
\c@Item=\count127
\c@Hfootnote=\count128
)

Package hyperref Message: Driver (autodetected): hpdftex.

("C:\Users\Brian Williamson\SkyDrive\MikTex\tex\latex\hyperref\hpdftex.def"
File: hpdftex.def 2012/11/06 v6.83m Hyperref driver for pdfTeX
\Fld@listcount=\count129
\c@bookmark@seq@number=\count130

("C:\Users\Brian Williamson\SkyDrive\MikTex\tex\latex\oberdiek\rerunfilecheck.s
ty"
Package: rerunfilecheck 2011/04/15 v1.7 Rerun checks for auxiliary files (HO)
Package uniquecounter Info: New unique counter `rerunfilecheck' on input line 2
82.
)
\Hy@SectionHShift=\skip62
)
("C:\Users\Brian Williamson\SkyDrive\MikTex\tex\latex\fancyvrb\fancyvrb.sty"
Package: fancyvrb 2008/02/07

Style option: `fancyvrb' v2.7a, with DG/SPQR fixes, and firstline=lastline fix 
<2008/02/07> (tvz)
\FV@CodeLineNo=\count131
\FV@InFile=\read2
\FV@TabBox=\box32
\c@FancyVerbLine=\count132
\FV@StepNumber=\count133
\FV@OutFile=\write3
)
("C:\Users\Brian Williamson\Dropbox\R Project Summer 2014\Website\ForWeb\FEV Do
c\Sweave.sty"
Package: Sweave 

("C:\Users\Brian Williamson\SkyDrive\MikTex\tex\latex\base\ifthen.sty"
Package: ifthen 2001/05/26 v1.1c Standard LaTeX ifthen package (DPC)
)
("C:\Users\Brian Williamson\SkyDrive\MikTex\tex\latex\base\textcomp.sty"
Package: textcomp 2005/09/27 v1.99g Standard LaTeX package
Package textcomp Info: Sub-encoding information:
(textcomp)               5 = only ISO-Adobe without \textcurrency
(textcomp)               4 = 5 + \texteuro
(textcomp)               3 = 4 + \textohm
(textcomp)               2 = 3 + \textestimated + \textcurrency
(textcomp)               1 = TS1 - \textcircled - \t
(textcomp)               0 = TS1 (full)
(textcomp)             Font families with sub-encoding setting implement
(textcomp)             only a restricted character set as indicated.
(textcomp)             Family '?' is the default used for unknown fonts.
(textcomp)             See the documentation for details.
Package textcomp Info: Setting ? sub-encoding to TS1/1 on input line 71.

("C:\Users\Brian Williamson\SkyDrive\MikTex\tex\latex\base\ts1enc.def"
File: ts1enc.def 2001/06/05 v3.0e (jk/car/fm) Standard LaTeX file
)
LaTeX Info: Redefining \oldstylenums on input line 266.
Package textcomp Info: Setting cmr sub-encoding to TS1/0 on input line 281.
Package textcomp Info: Setting cmss sub-encoding to TS1/0 on input line 282.
Package textcomp Info: Setting cmtt sub-encoding to TS1/0 on input line 283.
Package textcomp Info: Setting cmvtt sub-encoding to TS1/0 on input line 284.
Package textcomp Info: Setting cmbr sub-encoding to TS1/0 on input line 285.
Package textcomp Info: Setting cmtl sub-encoding to TS1/0 on input line 286.
Package textcomp Info: Setting ccr sub-encoding to TS1/0 on input line 287.
Package textcomp Info: Setting ptm sub-encoding to TS1/4 on input line 288.
Package textcomp Info: Setting pcr sub-encoding to TS1/4 on input line 289.
Package textcomp Info: Setting phv sub-encoding to TS1/4 on input line 290.
Package textcomp Info: Setting ppl sub-encoding to TS1/3 on input line 291.
Package textcomp Info: Setting pag sub-encoding to TS1/4 on input line 292.
Package textcomp Info: Setting pbk sub-encoding to TS1/4 on input line 293.
Package textcomp Info: Setting pnc sub-encoding to TS1/4 on input line 294.
Package textcomp Info: Setting pzc sub-encoding to TS1/4 on input line 295.
Package textcomp Info: Setting bch sub-encoding to TS1/4 on input line 296.
Package textcomp Info: Setting put sub-encoding to TS1/5 on input line 297.
Package textcomp Info: Setting uag sub-encoding to TS1/5 on input line 298.
Package textcomp Info: Setting ugq sub-encoding to TS1/5 on input line 299.
Package textcomp Info: Setting ul8 sub-encoding to TS1/4 on input line 300.
Package textcomp Info: Setting ul9 sub-encoding to TS1/4 on input line 301.
Package textcomp Info: Setting augie sub-encoding to TS1/5 on input line 302.
Package textcomp Info: Setting dayrom sub-encoding to TS1/3 on input line 303.
Package textcomp Info: Setting dayroms sub-encoding to TS1/3 on input line 304.

Package textcomp Info: Setting pxr sub-encoding to TS1/0 on input line 305.
Package textcomp Info: Setting pxss sub-encoding to TS1/0 on input line 306.
Package textcomp Info: Setting pxtt sub-encoding to TS1/0 on input line 307.
Package textcomp Info: Setting txr sub-encoding to TS1/0 on input line 308.
Package textcomp Info: Setting txss sub-encoding to TS1/0 on input line 309.
Package textcomp Info: Setting txtt sub-encoding to TS1/0 on input line 310.
Package textcomp Info: Setting lmr sub-encoding to TS1/0 on input line 311.
Package textcomp Info: Setting lmdh sub-encoding to TS1/0 on input line 312.
Package textcomp Info: Setting lmss sub-encoding to TS1/0 on input line 313.
Package textcomp Info: Setting lmssq sub-encoding to TS1/0 on input line 314.
Package textcomp Info: Setting lmvtt sub-encoding to TS1/0 on input line 315.
Package textcomp Info: Setting qhv sub-encoding to TS1/0 on input line 316.
Package textcomp Info: Setting qag sub-encoding to TS1/0 on input line 317.
Package textcomp Info: Setting qbk sub-encoding to TS1/0 on input line 318.
Package textcomp Info: Setting qcr sub-encoding to TS1/0 on input line 319.
Package textcomp Info: Setting qcs sub-encoding to TS1/0 on input line 320.
Package textcomp Info: Setting qpl sub-encoding to TS1/0 on input line 321.
Package textcomp Info: Setting qtm sub-encoding to TS1/0 on input line 322.
Package textcomp Info: Setting qzc sub-encoding to TS1/0 on input line 323.
Package textcomp Info: Setting qhvc sub-encoding to TS1/0 on input line 324.
Package textcomp Info: Setting futs sub-encoding to TS1/4 on input line 325.
Package textcomp Info: Setting futx sub-encoding to TS1/4 on input line 326.
Package textcomp Info: Setting futj sub-encoding to TS1/4 on input line 327.
Package textcomp Info: Setting hlh sub-encoding to TS1/3 on input line 328.
Package textcomp Info: Setting hls sub-encoding to TS1/3 on input line 329.
Package textcomp Info: Setting hlst sub-encoding to TS1/3 on input line 330.
Package textcomp Info: Setting hlct sub-encoding to TS1/5 on input line 331.
Package textcomp Info: Setting hlx sub-encoding to TS1/5 on input line 332.
Package textcomp Info: Setting hlce sub-encoding to TS1/5 on input line 333.
Package textcomp Info: Setting hlcn sub-encoding to TS1/5 on input line 334.
Package textcomp Info: Setting hlcw sub-encoding to TS1/5 on input line 335.
Package textcomp Info: Setting hlcf sub-encoding to TS1/5 on input line 336.
Package textcomp Info: Setting pplx sub-encoding to TS1/3 on input line 337.
Package textcomp Info: Setting pplj sub-encoding to TS1/3 on input line 338.
Package textcomp Info: Setting ptmx sub-encoding to TS1/4 on input line 339.
Package textcomp Info: Setting ptmj sub-encoding to TS1/4 on input line 340.
)
("C:\Users\Brian Williamson\SkyDrive\MikTex\tex\latex\base\fontenc.sty"
Package: fontenc 2005/09/27 v1.99g Standard LaTeX package

("C:\Users\Brian Williamson\SkyDrive\MikTex\tex\latex\base\t1enc.def"
File: t1enc.def 2005/09/27 v1.99g Standard LaTeX file
LaTeX Font Info:    Redeclaring font encoding T1 on input line 43.
))
("C:\Users\Brian Williamson\SkyDrive\MikTex\tex\latex\ae\ae.sty"
Package: ae 2001/02/12 1.3 Almost European Computer Modern

("C:\Users\Brian Williamson\SkyDrive\MikTex\tex\latex\base\fontenc.sty"
Package: fontenc 2005/09/27 v1.99g Standard LaTeX package

("C:\Users\Brian Williamson\SkyDrive\MikTex\tex\latex\base\t1enc.def"
File: t1enc.def 2005/09/27 v1.99g Standard LaTeX file
LaTeX Font Info:    Redeclaring font encoding T1 on input line 43.
)
LaTeX Font Info:    Try loading font information for T1+aer on input line 100.

("C:\Users\Brian Williamson\SkyDrive\MikTex\tex\latex\ae\t1aer.fd"
File: t1aer.fd 1997/11/16 Font definitions for T1/aer.
))))
No file fevdoc.aux.
LaTeX Font Info:    Checking defaults for OML/cmm/m/it on input line 36.
LaTeX Font Info:    ... okay on input line 36.
LaTeX Font Info:    Checking defaults for T1/cmr/m/n on input line 36.
LaTeX Font Info:    ... okay on input line 36.
LaTeX Font Info:    Checking defaults for OT1/cmr/m/n on input line 36.
LaTeX Font Info:    ... okay on input line 36.
LaTeX Font Info:    Checking defaults for OMS/cmsy/m/n on input line 36.
LaTeX Font Info:    ... okay on input line 36.
LaTeX Font Info:    Checking defaults for OMX/cmex/m/n on input line 36.
LaTeX Font Info:    ... okay on input line 36.
LaTeX Font Info:    Checking defaults for U/cmr/m/n on input line 36.
LaTeX Font Info:    ... okay on input line 36.
LaTeX Font Info:    Checking defaults for PD1/pdf/m/n on input line 36.
LaTeX Font Info:    ... okay on input line 36.
LaTeX Font Info:    Checking defaults for TS1/cmr/m/n on input line 36.
LaTeX Font Info:    Try loading font information for TS1+cmr on input line 36.
("C:\Users\Brian Williamson\SkyDrive\MikTex\tex\latex\base\ts1cmr.fd"
File: ts1cmr.fd 1999/05/25 v2.5h Standard LaTeX font definitions
)
LaTeX Font Info:    ... okay on input line 36.
Package lastpage Info: Please have a look at the pageslts package at
(lastpage)             http://www.ctan.org/tex-archive/ 
(lastpage)             macros/latex/contrib/pageslts/ 
(lastpage)             or
(lastpage)             http://www.ctan.org/tex-archive/ 
(lastpage)             install/macros/latex/contrib/pageslts.tds.zip
(lastpage)             ! on input line 36.

("C:\Users\Brian Williamson\SkyDrive\MikTex\tex\context\base\supp-pdf.mkii"
[Loading MPS to PDF converter (version 2006.09.02).]
\scratchcounter=\count134
\scratchdimen=\dimen144
\scratchbox=\box33
\nofMPsegments=\count135
\nofMParguments=\count136
\everyMPshowfont=\toks33
\MPscratchCnt=\count137
\MPscratchDim=\dimen145
\MPnumerator=\count138
\makeMPintoPDFobject=\count139
\everyMPtoPDFconversion=\toks34
)
\c@lstlisting=\count140

*geometry* driver: auto-detecting
*geometry* detected driver: pdftex
*geometry* verbose mode - [ preamble ] result:
* driver: pdftex
* paper: <default>
* layout: <same size as paper>
* layoutoffset:(h,v)=(0.0pt,0.0pt)
* modes: landscape 
* h-part:(L,W,R)=(56.9055pt, 681.15898pt, 56.9055pt)
* v-part:(T,H,B)=(71.13188pt, 472.03123pt, 71.13188pt)
* \paperwidth=794.96999pt
* \paperheight=614.295pt
* \textwidth=681.15898pt
* \textheight=472.03123pt
* \oddsidemargin=-15.36449pt
* \evensidemargin=-15.36449pt
* \topmargin=-26.7454pt
* \headheight=0.0pt
* \headsep=25.6073pt
* \topskip=10.0pt
* \footskip=30.0pt
* \marginparwidth=144.0pt
* \marginparsep=11.0pt
* \columnsep=10.0pt
* \skip\footins=9.0pt plus 4.0pt minus 2.0pt
* \hoffset=0.0pt
* \voffset=0.0pt
* \mag=1000
* \@twocolumnfalse
* \@twosidefalse
* \@mparswitchfalse
* \@reversemarginfalse
* (1in=72.27pt=25.4mm, 1cm=28.453pt)

\AtBeginShipoutBox=\box34
Package hyperref Info: Link coloring ON on input line 36.
("C:\Users\Brian Williamson\SkyDrive\MikTex\tex\latex\hyperref\nameref.sty"
Package: nameref 2012/10/27 v2.43 Cross-referencing by name of section

("C:\Users\Brian Williamson\SkyDrive\MikTex\tex\generic\oberdiek\gettitlestring
.sty"
Package: gettitlestring 2010/12/03 v1.4 Cleanup title references (HO)
)
\c@section@level=\count141
)
LaTeX Info: Redefining \ref on input line 36.
LaTeX Info: Redefining \pageref on input line 36.
LaTeX Info: Redefining \nameref on input line 36.
\@outlinefile=\write4

("C:\Users\Brian Williamson\Dropbox\R Project Summer 2014\Website\ForWeb\FEV Do
c\fevdoc-concordance.tex")

Package hyperref Warning: old toc file detected, not used; run LaTeX again.

\tf@toc=\write5
LaTeX Font Info:    Try loading font information for U+msa on input line 42.
("C:\Users\Brian Williamson\SkyDrive\MikTex\tex\latex\amsfonts\umsa.fd"
File: umsa.fd 2013/01/14 v3.01 AMS symbols A
)
LaTeX Font Info:    Try loading font information for U+msb on input line 42.

("C:\Users\Brian Williamson\SkyDrive\MikTex\tex\latex\amsfonts\umsb.fd"
File: umsb.fd 2013/01/14 v3.01 AMS symbols B
)
LaTeX Font Info:    Try loading font information for U+rsfs on input line 42.

("C:\Users\Brian Williamson\SkyDrive\MikTex\tex\latex\jknappen\ursfs.fd"
File: ursfs.fd 1998/03/24 rsfs font definition file (jk)
)
LaTeX Font Info:    Try loading font information for T1+aett on input line 44.

("C:\Users\Brian Williamson\SkyDrive\MikTex\tex\latex\ae\t1aett.fd"
File: t1aett.fd 1997/11/16 Font definitions for T1/aett.
)

LaTeX Font Warning: Font shape `T1/aett/bx/n' undefined
(Font)              using `T1/aett/m/n' instead on input line 68.

[1

{C:/Users/Brian Williamson/AppData/Local/MiKTeX/2.9/pdftex/config/pdftex.map}] 
[2] [3] <fevdoc-agehist.pdf, id=32, 794.97pt x 614.295pt>
File: fevdoc-agehist.pdf Graphic file (type pdf)

<use fevdoc-agehist.pdf>
Package pdftex.def Info: fevdoc-agehist.pdf used on input line 183.
(pdftex.def)             Requested size: 289.0881pt x 222.58952pt.


LaTeX Warning: `h' float specifier changed to `ht'.

[4] [5 <C:/Users/Brian Williamson/Dropbox/R Project Summer 2014/Website/ForWeb/
FEV Doc/fevdoc-agehist.pdf>]
<fevdoc-heighthist.pdf, id=49, 794.97pt x 614.295pt>
File: fevdoc-heighthist.pdf Graphic file (type pdf)

<use fevdoc-heighthist.pdf>
Package pdftex.def Info: fevdoc-heighthist.pdf used on input line 195.
(pdftex.def)             Requested size: 289.0881pt x 222.58952pt.
 [6

 <C:/Users/Brian Williamson/Dropbox/R Project Summer 2014/Website/ForWeb/FEV Do
c/fevdoc-heighthist.pdf>]
<fevdoc-fevhist.pdf, id=61, 794.97pt x 614.295pt>
File: fevdoc-fevhist.pdf Graphic file (type pdf)
 <use fevdoc-fevhist.pdf>
Package pdftex.def Info: fevdoc-fevhist.pdf used on input line 207.
(pdftex.def)             Requested size: 289.0881pt x 222.58952pt.

[7

 <C:/Users/Brian Williamson/Dropbox/R Project Summer 2014/Website/ForWeb/FEV Do
c/fevdoc-fevhist.pdf>] [8

]
<fevdoc-agebplot1.pdf, id=79, 794.97pt x 614.295pt>
File: fevdoc-agebplot1.pdf Graphic file (type pdf)
 <use fevdoc-agebplot1.pdf>
Package pdftex.def Info: fevdoc-agebplot1.pdf used on input line 243.
(pdftex.def)             Requested size: 289.0881pt x 222.58952pt.

[9

 <C:/Users/Brian Williamson/Dropbox/R Project Summer 2014/Website/ForWeb/FEV Do
c/fevdoc-agebplot1.pdf>]
<fevdoc-heightbplot1.pdf, id=92, 794.97pt x 614.295pt>
File: fevdoc-heightbplot1.pdf Graphic file (type pdf)

<use fevdoc-heightbplot1.pdf>
Package pdftex.def Info: fevdoc-heightbplot1.pdf used on input line 250.
(pdftex.def)             Requested size: 289.0881pt x 222.58952pt.
 [10

 <C:/Users/Brian Williamson/Dropbox/R Project Summer 2014/Website/ForWeb/FEV Do
c/fevdoc-heightbplot1.pdf>]
<fevdoc-agebplot2.pdf, id=104, 794.97pt x 614.295pt>
File: fevdoc-agebplot2.pdf Graphic file (type pdf)

<use fevdoc-agebplot2.pdf>
Package pdftex.def Info: fevdoc-agebplot2.pdf used on input line 258.
(pdftex.def)             Requested size: 289.0881pt x 222.58952pt.
 [11

 <C:/Users/Brian Williamson/Dropbox/R Project Summer 2014/Website/ForWeb/FEV Do
c/fevdoc-agebplot2.pdf>]
<fevdoc-heightbplot2.pdf, id=116, 794.97pt x 614.295pt>
File: fevdoc-heightbplot2.pdf Graphic file (type pdf)

<use fevdoc-heightbplot2.pdf>
Package pdftex.def Info: fevdoc-heightbplot2.pdf used on input line 265.
(pdftex.def)             Requested size: 289.0881pt x 222.58952pt.
 [12

 <C:/Users/Brian Williamson/Dropbox/R Project Summer 2014/Website/ForWeb/FEV Do
c/fevdoc-heightbplot2.pdf>]
<fevdoc-agebplot3.pdf, id=128, 794.97pt x 614.295pt>
File: fevdoc-agebplot3.pdf Graphic file (type pdf)

<use fevdoc-agebplot3.pdf>
Package pdftex.def Info: fevdoc-agebplot3.pdf used on input line 278.
(pdftex.def)             Requested size: 289.0881pt x 222.58952pt.
 [13

 <C:/Users/Brian Williamson/Dropbox/R Project Summer 2014/Website/ForWeb/FEV Do
c/fevdoc-agebplot3.pdf>]
<fevdoc-heightbplot3.pdf, id=141, 794.97pt x 614.295pt>
File: fevdoc-heightbplot3.pdf Graphic file (type pdf)

<use fevdoc-heightbplot3.pdf>
Package pdftex.def Info: fevdoc-heightbplot3.pdf used on input line 290.
(pdftex.def)             Requested size: 289.0881pt x 222.58952pt.
 [14

 <C:/Users/Brian Williamson/Dropbox/R Project Summer 2014/Website/ForWeb/FEV Do
c/fevdoc-heightbplot3.pdf>]
<fevdoc-scatter1.pdf, id=153, 794.97pt x 614.295pt>
File: fevdoc-scatter1.pdf Graphic file (type pdf)
 <use fevdoc-scatter1.pdf>
Package pdftex.def Info: fevdoc-scatter1.pdf used on input line 299.
(pdftex.def)             Requested size: 3.97871pt x 3.07446pt.

<fevdoc-scatter2.pdf, id=154, 794.97pt x 614.295pt>
File: fevdoc-scatter2.pdf Graphic file (type pdf)
 <use fevdoc-scatter2.pdf>
Package pdftex.def Info: fevdoc-scatter2.pdf used on input line 306.
(pdftex.def)             Requested size: 3.97871pt x 3.07446pt.

<fevdoc-scatter3.pdf, id=155, 794.97pt x 614.295pt>
File: fevdoc-scatter3.pdf Graphic file (type pdf)
 <use fevdoc-scatter3.pdf>
Package pdftex.def Info: fevdoc-scatter3.pdf used on input line 313.
(pdftex.def)             Requested size: 3.97871pt x 3.07446pt.


LaTeX Warning: `h' float specifier changed to `ht'.


LaTeX Warning: `h' float specifier changed to `ht'.


LaTeX Warning: `h' float specifier changed to `ht'.

<fevdoc-scatter4.pdf, id=156, 794.97pt x 614.295pt>
File: fevdoc-scatter4.pdf Graphic file (type pdf)
 <use fevdoc-scatter4.pdf>
Package pdftex.def Info: fevdoc-scatter4.pdf used on input line 325.
(pdftex.def)             Requested size: 3.97871pt x 3.07446pt.


LaTeX Warning: `h' float specifier changed to `ht'.

[15

] [16 <C:/Users/Brian Williamson/Dropbox/R Project Summer 2014/Website/ForWeb/F
EV Doc/fevdoc-scatter1.pdf>] [17 <C:/Users/Brian Williamson/Dropbox/R Project S
ummer 2014/Website/ForWeb/FEV Doc/fevdoc-scatter2.pdf>] [18 <C:/Users/Brian Wil
liamson/Dropbox/R Project Summer 2014/Website/ForWeb/FEV Doc/fevdoc-scatter3.pd
f>] [19 <C:/Users/Brian Williamson/Dropbox/R Project Summer 2014/Website/ForWeb
/FEV Doc/fevdoc-scatter4.pdf>]
<fevdoc-smokescatter.pdf, id=203, 794.97pt x 614.295pt>
File: fevdoc-smokescatter.pdf Graphic file (type pdf)

<use fevdoc-smokescatter.pdf>
Package pdftex.def Info: fevdoc-smokescatter.pdf used on input line 339.
(pdftex.def)             Requested size: 3.97871pt x 3.07446pt.


LaTeX Warning: `h' float specifier changed to `ht'.

<fevdoc-smokesexcatter.pdf, id=204, 794.97pt x 614.295pt>
File: fevdoc-smokesexcatter.pdf Graphic file (type pdf)

<use fevdoc-smokesexcatter.pdf>
Package pdftex.def Info: fevdoc-smokesexcatter.pdf used on input line 351.
(pdftex.def)             Requested size: 3.97871pt x 3.07446pt.


LaTeX Warning: `h' float specifier changed to `ht'.

[20

] [21 <C:/Users/Brian Williamson/Dropbox/R Project Summer 2014/Website/ForWeb/F
EV Doc/fevdoc-smokescatter.pdf>] [22 <C:/Users/Brian Williamson/Dropbox/R Proje
ct Summer 2014/Website/ForWeb/FEV Doc/fevdoc-smokesexcatter.pdf>]
<fevdoc-agefevscatter.pdf, id=232, 794.97pt x 614.295pt>
File: fevdoc-agefevscatter.pdf Graphic file (type pdf)

<use fevdoc-agefevscatter.pdf>
Package pdftex.def Info: fevdoc-agefevscatter.pdf used on input line 366.
(pdftex.def)             Requested size: 3.97871pt x 3.07446pt.


LaTeX Warning: `h' float specifier changed to `ht'.

<fevdoc-agefevscatter2.pdf, id=233, 794.97pt x 614.295pt>
File: fevdoc-agefevscatter2.pdf Graphic file (type pdf)

<use fevdoc-agefevscatter2.pdf>
Package pdftex.def Info: fevdoc-agefevscatter2.pdf used on input line 377.
(pdftex.def)             Requested size: 3.97871pt x 3.07446pt.


LaTeX Warning: `h' float specifier changed to `ht'.

<fevdoc-heightfevscatter1.pdf, id=234, 794.97pt x 614.295pt>
File: fevdoc-heightfevscatter1.pdf Graphic file (type pdf)

<use fevdoc-heightfevscatter1.pdf>
Package pdftex.def Info: fevdoc-heightfevscatter1.pdf used on input line 389.
(pdftex.def)             Requested size: 3.97871pt x 3.07446pt.


LaTeX Warning: `h' float specifier changed to `ht'.

<fevdoc-heightfevscatter2.pdf, id=235, 794.97pt x 614.295pt>
File: fevdoc-heightfevscatter2.pdf Graphic file (type pdf)

<use fevdoc-heightfevscatter2.pdf>
Package pdftex.def Info: fevdoc-heightfevscatter2.pdf used on input line 401.
(pdftex.def)             Requested size: 3.97871pt x 3.07446pt.


LaTeX Warning: `h' float specifier changed to `ht'.

<fevdoc-heightfevscatter3.pdf, id=236, 794.97pt x 614.295pt>
File: fevdoc-heightfevscatter3.pdf Graphic file (type pdf)

<use fevdoc-heightfevscatter3.pdf>
Package pdftex.def Info: fevdoc-heightfevscatter3.pdf used on input line 414.
(pdftex.def)             Requested size: 3.97871pt x 3.07446pt.


LaTeX Warning: `h' float specifier changed to `ht'.

<fevdoc-heightfevscatter4.pdf, id=237, 794.97pt x 614.295pt>
File: fevdoc-heightfevscatter4.pdf Graphic file (type pdf)

<use fevdoc-heightfevscatter4.pdf>
Package pdftex.def Info: fevdoc-heightfevscatter4.pdf used on input line 433.
(pdftex.def)             Requested size: 3.97871pt x 3.07446pt.


LaTeX Warning: `h' float specifier changed to `ht'.

[23

] [24 <C:/Users/Brian Williamson/Dropbox/R Project Summer 2014/Website/ForWeb/F
EV Doc/fevdoc-agefevscatter.pdf>] [25 <C:/Users/Brian Williamson/Dropbox/R Proj
ect Summer 2014/Website/ForWeb/FEV Doc/fevdoc-agefevscatter2.pdf>] [26 <C:/User
s/Brian Williamson/Dropbox/R Project Summer 2014/Website/ForWeb/FEV Doc/fevdoc-
heightfevscatter1.pdf>] [27 <C:/Users/Brian Williamson/Dropbox/R Project Summer
 2014/Website/ForWeb/FEV Doc/fevdoc-heightfevscatter2.pdf>] [28 <C:/Users/Brian
 Williamson/Dropbox/R Project Summer 2014/Website/ForWeb/FEV Doc/fevdoc-heightf
evscatter3.pdf>] [29 <C:/Users/Brian Williamson/Dropbox/R Project Summer 2014/W
ebsite/ForWeb/FEV Doc/fevdoc-heightfevscatter4.pdf>]

Package lastpage Warning: Rerun to get the references right on input line 466.


AED: lastpage setting LastPage
[30

]
Package atveryend Info: Empty hook `BeforeClearDocument' on input line 466.
Package atveryend Info: Empty hook `AfterLastShipout' on input line 466.

("C:\Users\Brian Williamson\Dropbox\R Project Summer 2014\Website\ForWeb\FEV Do
c\fevdoc.aux")
Package atveryend Info: Executing hook `AtVeryEndDocument' on input line 466.
Package atveryend Info: Executing hook `AtEndAfterFileList' on input line 466.


Package rerunfilecheck Warning: File `fevdoc.out' has changed.
(rerunfilecheck)                Rerun to get outlines right
(rerunfilecheck)                or use package `bookmark'.

Package rerunfilecheck Info: Checksums for `fevdoc.out':
(rerunfilecheck)             Before: <no file>
(rerunfilecheck)             After:  3EF8025043CADDFF3A615713337C7D65;730.

LaTeX Font Warning: Some font shapes were not available, defaults substituted.


LaTeX Warning: Label(s) may have changed. Rerun to get cross-references right.

Package atveryend Info: Empty hook `AtVeryVeryEnd' on input line 466.
 ) 
Here is how much of TeX's memory you used:
 10178 strings out of 493921
 149181 string characters out of 3141635
 247491 words of memory out of 3000000
 13185 multiletter control sequences out of 15000+200000
 24639 words of font info for 56 fonts, out of 3000000 for 9000
 841 hyphenation exceptions out of 8191
 41i,7n,43p,986b,483s stack positions out of 5000i,500n,10000p,200000b,50000s
<C:/Users/Brian Williamson/SkyDrive/MikTex/fonts/type1/public/amsfonts/cm/cmb
x10.pfb><C:/Users/Brian Williamson/SkyDrive/MikTex/fonts/type1/public/amsfonts/
cm/cmbx12.pfb><C:/Users/Brian Williamson/SkyDrive/MikTex/fonts/type1/public/ams
fonts/cm/cmex10.pfb><C:/Users/Brian Williamson/SkyDrive/MikTex/fonts/type1/publ
ic/amsfonts/cm/cmmi10.pfb><C:/Users/Brian Williamson/SkyDrive/MikTex/fonts/type
1/public/amsfonts/cm/cmmi7.pfb><C:/Users/Brian Williamson/SkyDrive/MikTex/fonts
/type1/public/amsfonts/cm/cmr10.pfb><C:/Users/Brian Williamson/SkyDrive/MikTex/
fonts/type1/public/amsfonts/cm/cmr7.pfb><C:/Users/Brian Williamson/SkyDrive/Mik
Tex/fonts/type1/public/amsfonts/cm/cmti10.pfb><C:/Users/Brian Williamson/SkyDri
ve/MikTex/fonts/type1/public/amsfonts/cm/cmtt10.pfb><C:/Users/Brian Williamson/
SkyDrive/MikTex/fonts/type1/public/amsfonts/cm/cmtt12.pfb>
Output written on fevdoc.pdf (30 pages, 734738 bytes).
PDF statistics:
 362 PDF objects out of 1000 (max. 8388607)
 64 named destinations out of 1000 (max. 500000)
 110 words of extra memory for PDF output out of 10000 (max. 10000000)

